<?xml version="1.0" encoding="UTF-8"?>
<testsuite xmlns:xsi="http://www.w3.org/2001/XMLSchema-instance" xsi:noNamespaceSchemaLocation="https://maven.apache.org/surefire/maven-surefire-plugin/xsd/surefire-test-report-3.0.xsd" version="3.0" name="artifactory.test.AppTest" time="0.01" tests="1" errors="0" skipped="0" failures="0">
  <properties>
    <property name="java.specification.version" value="22"/>
    <property name="sun.jnu.encoding" value="UTF-8"/>
    <property name="java.class.path" value="/Users/victorp/.jenkins/workspace/maven-pipeline/maven-examples/maven-example/multi3/target/test-classes:/Users/victorp/.jenkins/workspace/maven-pipeline/maven-examples/maven-example/multi3/target/classes:/Users/victorp/.jenkins/workspace/maven-pipeline/maven-examples/maven-example/multi1/target/multi1-3.7-SNAPSHOT.jar:/Users/victorp/.m2/repository/org/apache/commons/commons-email/1.1/commons-email-1.1.jar:/Users/victorp/.m2/repository/javax/mail/mail/1.4/mail-1.4.jar:/Users/victorp/.m2/repository/javax/activation/activation/1.1/activation-1.1.jar:/Users/victorp/.m2/repository/org/codehaus/plexus/plexus-utils/1.5.1/plexus-utils-1.5.1.jar:/Users/victorp/.m2/repository/javax/servlet/jsp/jsp-api/2.1/jsp-api-2.1.jar:/Users/victorp/.m2/repository/commons-io/commons-io/1.4/commons-io-1.4.jar:/Users/victorp/.m2/repository/org/springframework/spring-aop/2.5.6/spring-aop-2.5.6.jar:/Users/victorp/.m2/repository/aopalliance/aopalliance/1.0/aopalliance-1.0.jar:/Users/victorp/.m2/repository/commons-logging/commons-logging/1.1.1/commons-logging-1.1.1.jar:/Users/victorp/.m2/repository/org/springframework/spring-beans/2.5.6/spring-beans-2.5.6.jar:/Users/victorp/.m2/repository/org/springframework/spring-core/2.5.6/spring-core-2.5.6.jar:/Users/victorp/.m2/repository/hsqldb/hsqldb/1.8.0.10/hsqldb-1.8.0.10.jar:/Users/victorp/.m2/repository/javax/servlet/servlet-api/2.5/servlet-api-2.5.jar:/Users/victorp/.m2/repository/junit/junit/3.8.1/junit-3.8.1.jar:"/>
    <property name="java.vm.vendor" value="Homebrew"/>
    <property name="sun.arch.data.model" value="64"/>
    <property name="java.vendor.url" value="https://github.com/Homebrew/homebrew-core/issues"/>
    <property name="os.name" value="Mac OS X"/>
    <property name="java.vm.specification.version" value="22"/>
    <property name="sun.java.launcher" value="SUN_STANDARD"/>
    <property name="user.country" value="IL"/>
    <property name="sun.boot.library.path" value="/opt/homebrew/Cellar/openjdk/22.0.1/libexec/openjdk.jdk/Contents/Home/lib"/>
    <property name="sun.java.command" value="/Users/victorp/.jenkins/workspace/maven-pipeline/maven-examples/maven-example/multi3/target/surefire/surefirebooter-20240707121830099_9.jar /Users/victorp/.jenkins/workspace/maven-pipeline/maven-examples/maven-example/multi3/target/surefire 2024-07-07T12-18-29_246-jvmRun1 surefire-20240707121830099_7tmp surefire_2-20240707121830099_8tmp"/>
    <property name="jdk.debug" value="release"/>
    <property name="surefire.test.class.path" value="/Users/victorp/.jenkins/workspace/maven-pipeline/maven-examples/maven-example/multi3/target/test-classes:/Users/victorp/.jenkins/workspace/maven-pipeline/maven-examples/maven-example/multi3/target/classes:/Users/victorp/.jenkins/workspace/maven-pipeline/maven-examples/maven-example/multi1/target/multi1-3.7-SNAPSHOT.jar:/Users/victorp/.m2/repository/org/apache/commons/commons-email/1.1/commons-email-1.1.jar:/Users/victorp/.m2/repository/javax/mail/mail/1.4/mail-1.4.jar:/Users/victorp/.m2/repository/javax/activation/activation/1.1/activation-1.1.jar:/Users/victorp/.m2/repository/org/codehaus/plexus/plexus-utils/1.5.1/plexus-utils-1.5.1.jar:/Users/victorp/.m2/repository/javax/servlet/jsp/jsp-api/2.1/jsp-api-2.1.jar:/Users/victorp/.m2/repository/commons-io/commons-io/1.4/commons-io-1.4.jar:/Users/victorp/.m2/repository/org/springframework/spring-aop/2.5.6/spring-aop-2.5.6.jar:/Users/victorp/.m2/repository/aopalliance/aopalliance/1.0/aopalliance-1.0.jar:/Users/victorp/.m2/repository/commons-logging/commons-logging/1.1.1/commons-logging-1.1.1.jar:/Users/victorp/.m2/repository/org/springframework/spring-beans/2.5.6/spring-beans-2.5.6.jar:/Users/victorp/.m2/repository/org/springframework/spring-core/2.5.6/spring-core-2.5.6.jar:/Users/victorp/.m2/repository/hsqldb/hsqldb/1.8.0.10/hsqldb-1.8.0.10.jar:/Users/victorp/.m2/repository/javax/servlet/servlet-api/2.5/servlet-api-2.5.jar:/Users/victorp/.m2/repository/junit/junit/3.8.1/junit-3.8.1.jar:"/>
    <property name="sun.cpu.endian" value="little"/>
    <property name="user.home" value="/Users/victorp"/>
    <property name="user.language" value="en"/>
    <property name="java.specification.vendor" value="Oracle Corporation"/>
    <property name="java.version.date" value="2024-04-16"/>
    <property name="java.home" value="/opt/homebrew/Cellar/openjdk/22.0.1/libexec/openjdk.jdk/Contents/Home"/>
    <property name="file.separator" value="/"/>
    <property name="basedir" value="/Users/victorp/.jenkins/workspace/maven-pipeline/maven-examples/maven-example/multi3"/>
    <property name="java.vm.compressedOopsMode" value="Zero based"/>
    <property name="line.separator" value="&#10;"/>
    <property name="java.specification.name" value="Java Platform API Specification"/>
    <property name="java.vm.specification.vendor" value="Oracle Corporation"/>
    <property name="apple.awt.application.name" value="ForkedBooter"/>
    <property name="surefire.real.class.path" value="/Users/victorp/.jenkins/workspace/maven-pipeline/maven-examples/maven-example/multi3/target/surefire/surefirebooter-20240707121830099_9.jar"/>
    <property name="sun.management.compiler" value="HotSpot 64-Bit Tiered Compilers"/>
    <property name="java.runtime.version" value="22.0.1"/>
    <property name="user.name" value="victorp"/>
    <property name="stdout.encoding" value="UTF-8"/>
    <property name="path.separator" value=":"/>
    <property name="os.version" value="14.5"/>
    <property name="java.runtime.name" value="OpenJDK Runtime Environment"/>
    <property name="file.encoding" value="UTF-8"/>
    <property name="java.vm.name" value="OpenJDK 64-Bit Server VM"/>
    <property name="java.vendor.version" value="Homebrew"/>
    <property name="localRepository" value="/Users/victorp/.m2/repository"/>
    <property name="java.vendor.url.bug" value="https://github.com/Homebrew/homebrew-core/issues"/>
    <property name="java.io.tmpdir" value="/var/folders/78/6p40_qhd4sz55ryd50_mrcd80000gp/T/"/>
    <property name="java.version" value="22.0.1"/>
    <property name="user.dir" value="/Users/victorp/.jenkins/workspace/maven-pipeline/maven-examples/maven-example/multi3"/>
    <property name="os.arch" value="aarch64"/>
    <property name="java.vm.specification.name" value="Java Virtual Machine Specification"/>
    <property name="native.encoding" value="UTF-8"/>
    <property name="java.library.path" value="/Users/victorp/Library/Java/Extensions:/Library/Java/Extensions:/Network/Library/Java/Extensions:/System/Library/Java/Extensions:/usr/lib/java:."/>
    <property name="java.vm.info" value="mixed mode, sharing"/>
    <property name="stderr.encoding" value="UTF-8"/>
    <property name="java.vendor" value="Homebrew"/>
    <property name="java.vm.version" value="22.0.1"/>
    <property name="sun.io.unicode.encoding" value="UnicodeBig"/>
    <property name="java.class.version" value="66.0"/>
  </properties>
  <testcase name="testApp" classname="artifactory.test.AppTest" time="0.004"/>
</testsuite>